<?xml version="1.0" encoding="UTF-8"?>
<testng-results total="1" passed="1" failed="0" skipped="0">
  <reporter-output>
  </reporter-output>
  <suite started-at="2021-03-31T12:28:04Z" name="Suite" finished-at="2021-03-31T12:28:38Z" duration-ms="33939">
    <groups>
      <group name="cucumber">
        <method signature="AbstractTestNGCucumberTests.feature(cucumber.api.testng.CucumberFeatureWrapper)[pri:0, instance:cucumberOptions.TestRunner@5e3d57c7]" name="feature" class="cucumber.api.testng.AbstractTestNGCucumberTests"/>
      </group> <!-- cucumber -->
    </groups>
    <test started-at="2021-03-31T12:28:04Z" name="Test" finished-at="2021-03-31T12:28:38Z" duration-ms="33939">
      <class name="cucumberOptions.TestRunner">
        <test-method is-config="true" signature="setUpClass()[pri:0, instance:cucumberOptions.TestRunner@5e3d57c7]" started-at="2021-03-31T17:58:04Z" name="setUpClass" finished-at="2021-03-31T17:58:04Z" duration-ms="426" status="PASS">
          <reporter-output>
          </reporter-output>
        </test-method> <!-- setUpClass -->
        <test-method signature="feature(cucumber.api.testng.CucumberFeatureWrapper)[pri:0, instance:cucumberOptions.TestRunner@5e3d57c7]" started-at="2021-03-31T17:58:04Z" name="feature" description="Runs Cucumber Feature" data-provider="features" finished-at="2021-03-31T17:58:38Z" duration-ms="33185" status="PASS">
          <params>
            <param index="0">
              <value>
                <![CDATA[Login into Faceabbok Application]]>
              </value>
            </param>
          </params>
          <reporter-output>
          </reporter-output>
        </test-method> <!-- feature -->
        <test-method is-config="true" signature="tearDownClass()[pri:0, instance:cucumberOptions.TestRunner@5e3d57c7]" started-at="2021-03-31T17:58:38Z" name="tearDownClass" finished-at="2021-03-31T17:58:38Z" duration-ms="30" status="PASS">
          <reporter-output>
          </reporter-output>
        </test-method> <!-- tearDownClass -->
      </class> <!-- cucumberOptions.TestRunner -->
    </test> <!-- Test -->
  </suite> <!-- Suite -->
</testng-results>
